Using pre-set license
Built from '2021.1/staging' branch; Version is '2021.1.7f1 (d91830b65d9b) revision 14227504'; Using compiler version '192528614'; Build Type 'Release'
OS: 'Windows 10 Home; OS build 19042.985; Version 2009; 64bit' Language: 'en' Physical Memory: 16328 MB
BatchMode: 1, IsHumanControllingUs: 0, StartBugReporterOnCrash: 0, Is64bit: 1, IsPro: 0

 COMMAND LINE ARGUMENTS:
C:\Program Files\Unity\Hub\Editor\2021.1.7f1\Editor\Unity.exe
-adb2
-batchMode
-noUpm
-name
AssetImportWorker0
-projectPath
C:/Users/user/Documents/GitHub/MyTroubles
-logFile
Logs/AssetImportWorker0.log
-srvPort
50772
Successfully changed project path to: C:/Users/user/Documents/GitHub/MyTroubles
C:/Users/user/Documents/GitHub/MyTroubles
Using Asset Import Pipeline V2.
Refreshing native plugins compatible for Editor in 81.05 ms, found 1 plugins.
Preloading 0 native plugins for Editor in 0.00 ms.
Initialize engine version: 2021.1.7f1 (d91830b65d9b)
[Subsystems] Discovering subsystems at path C:/Program Files/Unity/Hub/Editor/2021.1.7f1/Editor/Data/Resources/UnitySubsystems
[Subsystems] Discovering subsystems at path C:/Users/user/Documents/GitHub/MyTroubles/Assets
GfxDevice: creating device client; threaded=0; jobified=0
Direct3D:
    Version:  Direct3D 11.0 [level 11.1]
    Renderer: Radeon RX 580 Series (ID=0x67df)
    Vendor:   ATI
    VRAM:     8171 MB
    Driver:   27.20.21003.1028
Initialize mono
Mono path[0] = 'C:/Program Files/Unity/Hub/Editor/2021.1.7f1/Editor/Data/Managed'
Mono path[1] = 'C:/Program Files/Unity/Hub/Editor/2021.1.7f1/Editor/Data/MonoBleedingEdge/lib/mono/unityjit'
Mono config path = 'C:/Program Files/Unity/Hub/Editor/2021.1.7f1/Editor/Data/MonoBleedingEdge/etc'
Using monoOptions --debugger-agent=transport=dt_socket,embedding=1,server=y,suspend=n,address=127.0.0.1:56608
Begin MonoManager ReloadAssembly
Registering precompiled unity dll's ...
Register platform support module: C:/Program Files/Unity/Hub/Editor/2021.1.7f1/Editor/Data/PlaybackEngines/WindowsStandaloneSupport/UnityEditor.WindowsStandalone.Extensions.dll
Registered in 0.001737 seconds.
Native extension for WindowsStandalone target not found
Refreshing native plugins compatible for Editor in 85.41 ms, found 1 plugins.
Preloading 0 native plugins for Editor in 0.00 ms.
Mono: successfully reloaded assembly
- Completed reload, in  1.282 seconds
Platform modules already initialized, skipping
Registering precompiled user dll's ...
Registered in 0.002465 seconds.
Begin MonoManager ReloadAssembly
Symbol file LoadedFromMemory doesn't match image C:\Users\user\Documents\GitHub\MyTroubles\Library\PackageCache\com.unity.visualscripting@1.6.1\Editor\VisualScripting.Core\Dependencies\YamlDotNet\Unity.VisualScripting.YamlDotNet.dll
Symbol file LoadedFromMemory doesn't match image C:\Users\user\Documents\GitHub\MyTroubles\Library\PackageCache\com.unity.visualscripting@1.6.1\Editor\VisualScripting.Core\Dependencies\DotNetZip\Unity.VisualScripting.IonicZip.dll
Native extension for WindowsStandalone target not found
Refreshing native plugins compatible for Editor in 0.52 ms, found 1 plugins.
Preloading 0 native plugins for Editor in 0.00 ms.
Mono: successfully reloaded assembly
- Completed reload, in  1.057 seconds
Platform modules already initialized, skipping
========================================================================
Worker process is ready to serve import requests
Launched and connected shader compiler UnityShaderCompiler.exe after 0.05 seconds
Refreshing native plugins compatible for Editor in 0.54 ms, found 1 plugins.
Preloading 0 native plugins for Editor in 0.00 ms.
Unloading 2666 Unused Serialized files (Serialized files now loaded: 0)
System memory in use before: 98.1 MB.
System memory in use after: 98.3 MB.

Unloading 14 unused Assets to reduce memory usage. Loaded Objects now: 3119.
Total: 1.977200 ms (FindLiveObjects: 0.216600 ms CreateObjectMapping: 0.112200 ms MarkObjects: 1.573900 ms  DeleteObjects: 0.073300 ms)

========================================================================
Received Import Request.
  path: Assets/DrinkCreator.prefab
  artifactKey: Guid(375cc12f4c61d3643993953f9a3143d5) Importer(815301076,1909f56bfc062723c751e8b465ee728b)
Start importing Assets/DrinkCreator.prefab using Guid(375cc12f4c61d3643993953f9a3143d5) Importer(815301076,1909f56bfc062723c751e8b465ee728b)  -> (artifact id: 'cd8d1545aabed2e02bb27ca903fd2c44') in 0.109164 seconds 
========================================================================
Received Import Request.
  Time since last request: 170.185347 seconds.
  path: Assets/Bland Water.asset
  artifactKey: Guid(0e9043e4d7bd5e445a207b5426f1fd8a) Importer(815301076,1909f56bfc062723c751e8b465ee728b)
Start importing Assets/Bland Water.asset using Guid(0e9043e4d7bd5e445a207b5426f1fd8a) Importer(815301076,1909f56bfc062723c751e8b465ee728b)  -> (artifact id: 'ea584cd6e1767188e5b071ecd07aa3e5') in 0.006758 seconds 
========================================================================
Received Import Request.
  Time since last request: 0.000180 seconds.
  path: Assets/SorrowfulPlaceholder.prefab
  artifactKey: Guid(3d29873c3dc3a64478ca60c42175f91b) Importer(815301076,1909f56bfc062723c751e8b465ee728b)
Start importing Assets/SorrowfulPlaceholder.prefab using Guid(3d29873c3dc3a64478ca60c42175f91b) Importer(815301076,1909f56bfc062723c751e8b465ee728b)  -> (artifact id: 'c137812a45a2ffb5810d5dfbb7269288') in 0.012235 seconds 
========================================================================
Received Import Request.
  Time since last request: 0.000143 seconds.
  path: Assets/XplosionMat.mat
  artifactKey: Guid(7a877d2d7d656b8429aff94a314a656b) Importer(815301076,1909f56bfc062723c751e8b465ee728b)
Start importing Assets/XplosionMat.mat using Guid(7a877d2d7d656b8429aff94a314a656b) Importer(815301076,1909f56bfc062723c751e8b465ee728b)  -> (artifact id: '751d043f45ed13172c64d84d9fbfcce0') in 0.117306 seconds 
========================================================================
Received Import Request.
  Time since last request: 0.000188 seconds.
  path: Assets/DrinkCreator.prefab
  artifactKey: Guid(49d2dfe277abe10439b9df72dbcc5600) Importer(815301076,1909f56bfc062723c751e8b465ee728b)
Start importing Assets/DrinkCreator.prefab using Guid(49d2dfe277abe10439b9df72dbcc5600) Importer(815301076,1909f56bfc062723c751e8b465ee728b)  -> (artifact id: '2ddbf49898ce48966757d3b49c20b6e1') in 0.008305 seconds 
========================================================================
Received Import Request.
  Time since last request: 0.000190 seconds.
  path: Assets/SourPlaceHolder.prefab
  artifactKey: Guid(8cf9bfaaaf7091e4baf3fa750869f5af) Importer(815301076,1909f56bfc062723c751e8b465ee728b)
Start importing Assets/SourPlaceHolder.prefab using Guid(8cf9bfaaaf7091e4baf3fa750869f5af) Importer(815301076,1909f56bfc062723c751e8b465ee728b)  -> (artifact id: '9786c4af1d188d80010a62b0900442a6') in 0.012454 seconds 
========================================================================
Received Import Request.
  Time since last request: 0.000162 seconds.
  path: Assets/PlaceHolderDrink.prefab
  artifactKey: Guid(318df05bb84cca54195294940a4fa0d5) Importer(815301076,1909f56bfc062723c751e8b465ee728b)
Start importing Assets/PlaceHolderDrink.prefab using Guid(318df05bb84cca54195294940a4fa0d5) Importer(815301076,1909f56bfc062723c751e8b465ee728b)  -> (artifact id: '1f78dfa1b3d622aa9024c87f1ef87a2d') in 0.011423 seconds 
========================================================================
Received Import Request.
  Time since last request: 0.000166 seconds.
  path: Assets/SweetPlaceHolder.prefab
  artifactKey: Guid(00ee913a23546084b8706eb1b9943f63) Importer(815301076,1909f56bfc062723c751e8b465ee728b)
Start importing Assets/SweetPlaceHolder.prefab using Guid(00ee913a23546084b8706eb1b9943f63) Importer(815301076,1909f56bfc062723c751e8b465ee728b)  -> (artifact id: 'b29571ea229ee1e04a2df15f21221237') in 0.011524 seconds 
========================================================================
Received Import Request.
  Time since last request: 0.000157 seconds.
  path: Assets/Default Water.asset
  artifactKey: Guid(3029e123bb200be4eb0d89a28d9ff307) Importer(815301076,1909f56bfc062723c751e8b465ee728b)
Start importing Assets/Default Water.asset using Guid(3029e123bb200be4eb0d89a28d9ff307) Importer(815301076,1909f56bfc062723c751e8b465ee728b)  -> (artifact id: 'b99c3fafd3424e04fbfe4278d858942a') in 0.006823 seconds 
========================================================================
Received Import Request.
  Time since last request: 0.000183 seconds.
  path: Assets/Disgusting Water.asset
  artifactKey: Guid(f7f90a2aa3d47ee488945886ceb98794) Importer(815301076,1909f56bfc062723c751e8b465ee728b)
Start importing Assets/Disgusting Water.asset using Guid(f7f90a2aa3d47ee488945886ceb98794) Importer(815301076,1909f56bfc062723c751e8b465ee728b)  -> (artifact id: '85eb9a0a31d1a693fb3d513cc51849ff') in 0.003433 seconds 
========================================================================
Received Import Request.
  Time since last request: 0.000226 seconds.
  path: Assets/SentimentalPlaceHolder 1.prefab
  artifactKey: Guid(29d413c194a38254d97ec9942e45272b) Importer(815301076,1909f56bfc062723c751e8b465ee728b)
Start importing Assets/SentimentalPlaceHolder 1.prefab using Guid(29d413c194a38254d97ec9942e45272b) Importer(815301076,1909f56bfc062723c751e8b465ee728b)  -> (artifact id: 'f3c7c88a64b36984b213d47f494f2637') in 0.014779 seconds 
========================================================================
Received Import Request.
  Time since last request: 31.224957 seconds.
  path: Assets/CustomerRequests.cs
  artifactKey: Guid(798c8543f5660ca45b031ef359a317d8) Importer(815301076,1909f56bfc062723c751e8b465ee728b)
Start importing Assets/CustomerRequests.cs using Guid(798c8543f5660ca45b031ef359a317d8) Importer(815301076,1909f56bfc062723c751e8b465ee728b)  -> (artifact id: '59725c7e7582a5ab9a00976b678c02ba') in 0.014012 seconds 
========================================================================
Received Import Request.
  Time since last request: 16.396337 seconds.
  path: Assets/Scenes
  artifactKey: Guid(d1c851c9ed7978445a3182ccdfdd9d10) Importer(815301076,1909f56bfc062723c751e8b465ee728b)
Start importing Assets/Scenes using Guid(d1c851c9ed7978445a3182ccdfdd9d10) Importer(815301076,1909f56bfc062723c751e8b465ee728b)  -> (artifact id: 'dcfd7285030e73e6c971daac79c45190') in 0.006098 seconds 
========================================================================
Received Import Request.
  Time since last request: 0.906892 seconds.
  path: Assets/Scenes/SampleScene.unity
  artifactKey: Guid(9fc0d4010bbf28b4594072e72b8655ab) Importer(815301076,1909f56bfc062723c751e8b465ee728b)
Start importing Assets/Scenes/SampleScene.unity using Guid(9fc0d4010bbf28b4594072e72b8655ab) Importer(815301076,1909f56bfc062723c751e8b465ee728b)  -> (artifact id: '85059f4f9e1a832ed95adaa0d25c5c4c') in 0.006967 seconds 
========================================================================
Received Prepare
Registering precompiled user dll's ...
Registered in 0.002444 seconds.
Begin MonoManager ReloadAssembly
Symbol file LoadedFromMemory doesn't match image C:\Users\user\Documents\GitHub\MyTroubles\Library\PackageCache\com.unity.visualscripting@1.6.1\Editor\VisualScripting.Core\Dependencies\YamlDotNet\Unity.VisualScripting.YamlDotNet.dll
Symbol file LoadedFromMemory doesn't match image C:\Users\user\Documents\GitHub\MyTroubles\Library\PackageCache\com.unity.visualscripting@1.6.1\Editor\VisualScripting.Core\Dependencies\DotNetZip\Unity.VisualScripting.IonicZip.dll
Native extension for WindowsStandalone target not found
Refreshing native plugins compatible for Editor in 0.53 ms, found 1 plugins.
Preloading 0 native plugins for Editor in 0.00 ms.
Mono: successfully reloaded assembly
- Completed reload, in  0.944 seconds
Platform modules already initialized, skipping
Refreshing native plugins compatible for Editor in 0.70 ms, found 1 plugins.
Preloading 0 native plugins for Editor in 0.00 ms.
Unloading 2661 Unused Serialized files (Serialized files now loaded: 0)
System memory in use before: 102.2 MB.
System memory in use after: 102.4 MB.

Unloading 10 unused Assets to reduce memory usage. Loaded Objects now: 3167.
Total: 2.784800 ms (FindLiveObjects: 0.295700 ms CreateObjectMapping: 0.115100 ms MarkObjects: 2.325200 ms  DeleteObjects: 0.047600 ms)

========================================================================
Received Prepare
Registering precompiled user dll's ...
Registered in 0.002319 seconds.
Begin MonoManager ReloadAssembly
Symbol file LoadedFromMemory doesn't match image C:\Users\user\Documents\GitHub\MyTroubles\Library\PackageCache\com.unity.visualscripting@1.6.1\Editor\VisualScripting.Core\Dependencies\YamlDotNet\Unity.VisualScripting.YamlDotNet.dll
Symbol file LoadedFromMemory doesn't match image C:\Users\user\Documents\GitHub\MyTroubles\Library\PackageCache\com.unity.visualscripting@1.6.1\Editor\VisualScripting.Core\Dependencies\DotNetZip\Unity.VisualScripting.IonicZip.dll
Native extension for WindowsStandalone target not found
Refreshing native plugins compatible for Editor in 0.56 ms, found 1 plugins.
Preloading 0 native plugins for Editor in 0.00 ms.
Mono: successfully reloaded assembly
- Completed reload, in  0.954 seconds
Platform modules already initialized, skipping
Refreshing native plugins compatible for Editor in 0.64 ms, found 1 plugins.
Preloading 0 native plugins for Editor in 0.00 ms.
Unloading 2675 Unused Serialized files (Serialized files now loaded: 0)
System memory in use before: 102.6 MB.
System memory in use after: 102.8 MB.

Unloading 9 unused Assets to reduce memory usage. Loaded Objects now: 3184.
Total: 2.612400 ms (FindLiveObjects: 0.316800 ms CreateObjectMapping: 0.257800 ms MarkObjects: 1.984000 ms  DeleteObjects: 0.052300 ms)

========================================================================
Received Import Request.
  Time since last request: 470.332189 seconds.
  path: Assets/Not Relevant
  artifactKey: Guid(3501e2f6c20664042899f1b3a9b82370) Importer(815301076,1909f56bfc062723c751e8b465ee728b)
Start importing Assets/Not Relevant using Guid(3501e2f6c20664042899f1b3a9b82370) Importer(815301076,1909f56bfc062723c751e8b465ee728b)  -> (artifact id: 'a388387b7aad7dbc3b485c19097bc666') in 0.007088 seconds 
========================================================================
Received Import Request.
  Time since last request: 3.734432 seconds.
  path: Assets/Scenes/SampleScene.unity
  artifactKey: Guid(d1c3109bdb54ad54c8a2b2838528e640) Importer(815301076,1909f56bfc062723c751e8b465ee728b)
Start importing Assets/Scenes/SampleScene.unity using Guid(d1c3109bdb54ad54c8a2b2838528e640) Importer(815301076,1909f56bfc062723c751e8b465ee728b)  -> (artifact id: '66153e671acea0bba2c3472a6a087fcb') in 0.013163 seconds 
========================================================================
Received Prepare
Registering precompiled user dll's ...
Registered in 0.002455 seconds.
Begin MonoManager ReloadAssembly
Symbol file LoadedFromMemory doesn't match image C:\Users\user\Documents\GitHub\MyTroubles\Library\PackageCache\com.unity.visualscripting@1.6.1\Editor\VisualScripting.Core\Dependencies\YamlDotNet\Unity.VisualScripting.YamlDotNet.dll
Symbol file LoadedFromMemory doesn't match image C:\Users\user\Documents\GitHub\MyTroubles\Library\PackageCache\com.unity.visualscripting@1.6.1\Editor\VisualScripting.Core\Dependencies\DotNetZip\Unity.VisualScripting.IonicZip.dll
Native extension for WindowsStandalone target not found
Refreshing native plugins compatible for Editor in 0.53 ms, found 1 plugins.
Preloading 0 native plugins for Editor in 0.00 ms.
Mono: successfully reloaded assembly
- Completed reload, in  0.985 seconds
Platform modules already initialized, skipping
Refreshing native plugins compatible for Editor in 0.48 ms, found 1 plugins.
Preloading 0 native plugins for Editor in 0.00 ms.
Unloading 2675 Unused Serialized files (Serialized files now loaded: 0)
System memory in use before: 102.6 MB.
System memory in use after: 102.8 MB.

Unloading 9 unused Assets to reduce memory usage. Loaded Objects now: 3187.
Total: 1.882400 ms (FindLiveObjects: 0.206600 ms CreateObjectMapping: 0.110700 ms MarkObjects: 1.524100 ms  DeleteObjects: 0.040200 ms)

AssetImportWorkerClient::OnTransportError - code=2 error=End of file
